[2026-04-19 13:58:11] [.optima] DISCUSSION_PROMPT: #1 — from @britalx
[2026-04-19 14:01:11] [.optima] DISCUSSION_PROMPT: #1 — from @Rose-Bright
[2026-04-19 14:11:11] [.optima] DISCUSSION_PROMPT: #1 — from @britalx
[2026-04-19 14:19:44] [.optima] PICKED_UP: setup-metrica-in-windows.md
[2026-04-19 14:21:40] [.optima] COMPLETED: setup-metrica-in-windows.md — Installed missing 'schedule' dependency, installed metrica in editable mode (pip install -e .), verified full pipeline end-to-end on Windows: mock data generation (1000 customers, 6 source tables), ET
[2026-04-19 14:39:15] [.optima] DISCUSSION_PROMPT: #1 — from @britalx
[2026-04-19 15:02:55] [.optima] PICKED_UP: user-story-multi-model-ensemble.md
[2026-04-19 16:00:26] [.optima] COMPLETED: user-story-multi-model-ensemble.md — Multi-model ensemble implemented: train_multi() trains LR/RF/GB independently with shared split, disagreement tracking flags high-divergence customers, champion/challenger governance via promote_champ
[2026-04-19 16:36:58] [.optima] DISCUSSION_PROMPT: #1 — from @britalx
[2026-04-19 16:42:24] [.optima] DISCUSSION_PROMPT: #1 — from @britalx
[2026-04-19 16:45:44] [.optima] DISCUSSION_PROMPT: #1 — from @britalx
[2026-04-19 16:47:50] [.optima] DISCUSSION_PROMPT: #1 — from @britalx
[2026-04-19 16:55:34] [.optima] DISCUSSION_PROMPT: #1 — from @Rose-Bright
[2026-04-19 17:07:27] [.optima] DISCUSSION_PROMPT: #1 — from @Rose-Bright
[2026-04-19 17:18:45] [.optima] DISCUSSION_PROMPT: #1 — from @britalx
[2026-04-19 17:48:18] [.optima] DISCUSSION_PROMPT: #1 — from @britalx
[2026-04-19 17:59:21] [.optima] DISCUSSION_PROMPT: #1 — from @britalx
[2026-04-19 18:07:50] [.optima] DISCUSSION_PROMPT: #1 — from @britalx
[2026-04-19 18:56:18] [.optima] PICKED_UP: user-story-ref-data-yaml-structure.md
[2026-04-19 19:10:05] [.optima] COMPLETED: user-story-ref-data-yaml-structure.md — Implemented full reference data layer: 18 YAML definitions (7 systems, 7 code sets, 3 crosswalks, 1 hierarchy), SQL DDL for core (7 tables) and semantic (7 views) layers, Pydantic validation models wi
[2026-04-19 19:47:23] [.optima] PICKED_UP: user-story-mock-ref-data-from-sources.md
[2026-04-19 19:51:22] [.optima] COMPLETED: user-story-mock-ref-data-from-sources.md — Implemented mock reference data from existing sources: added churn_label + cc_internal_interaction_type code sets (now 9 total), created YAML-to-DuckDB loader script (scripts/load_ref_data.py), loaded
[2026-04-19 19:53:27] [.optima] DISCUSSION_PROMPT: #1 — from @britalx
[2026-04-19 20:02:28] [.optima] DISCUSSION_PROMPT: #1 — from @britalx
[2026-04-19 20:13:14] [.optima] DISCUSSION_PROMPT: #1 — from @britalx
